2021-04-27 18:54:12.894  INFO 13152 --- [restartedMain] com.yc.mybank.MybankApplication          : Starting MybankApplication using Java 1.8.0_65 on LAPTOP-5MA0E2HD with PID 13152 (C:\Users\Lenovo\Desktop\mybank\target\classes started by Lenovo in C:\Users\Lenovo\Desktop\mybank)
2021-04-27 18:54:12.894  INFO 13152 --- [restartedMain] com.yc.mybank.MybankApplication          : No active profile set, falling back to default profiles: default
2021-04-27 18:54:15.398  INFO 13152 --- [restartedMain] com.yc.mybank.MybankApplication          : Started MybankApplication in 2.966 seconds (JVM running for 4.151)
2021-04-27 18:56:54.936  INFO 1868 --- [restartedMain] com.yc.mybank.MybankApplication          : Starting MybankApplication using Java 1.8.0_65 on LAPTOP-5MA0E2HD with PID 1868 (C:\Users\Lenovo\Desktop\mybank\target\classes started by Lenovo in C:\Users\Lenovo\Desktop\mybank)
2021-04-27 18:56:54.936  INFO 1868 --- [restartedMain] com.yc.mybank.MybankApplication          : No active profile set, falling back to default profiles: default
2021-04-27 18:56:57.175  INFO 1868 --- [restartedMain] com.yc.mybank.MybankApplication          : Started MybankApplication in 2.656 seconds (JVM running for 3.707)
2021-04-27 19:00:34.324  INFO 11396 --- [restartedMain] com.yc.mybank.MybankApplication          : Starting MybankApplication using Java 1.8.0_65 on LAPTOP-5MA0E2HD with PID 11396 (C:\Users\Lenovo\Desktop\mybank\target\classes started by Lenovo in C:\Users\Lenovo\Desktop\mybank)
2021-04-27 19:00:34.324  INFO 11396 --- [restartedMain] com.yc.mybank.MybankApplication          : No active profile set, falling back to default profiles: default
2021-04-27 19:00:36.694  INFO 11396 --- [restartedMain] com.yc.mybank.MybankApplication          : Started MybankApplication in 2.849 seconds (JVM running for 3.877)
2021-04-27 19:01:26.816  INFO 17416 --- [restartedMain] com.yc.mybank.MybankApplication          : Starting MybankApplication using Java 1.8.0_65 on LAPTOP-5MA0E2HD with PID 17416 (C:\Users\Lenovo\Desktop\mybank\target\classes started by Lenovo in C:\Users\Lenovo\Desktop\mybank)
2021-04-27 19:01:26.816  INFO 17416 --- [restartedMain] com.yc.mybank.MybankApplication          : No active profile set, falling back to default profiles: default
2021-04-27 19:01:29.043  INFO 17416 --- [restartedMain] com.yc.mybank.MybankApplication          : Started MybankApplication in 2.646 seconds (JVM running for 3.605)
2021-04-27 19:02:21.585  INFO 17416 --- [restartedMain] com.yc.mybank.MybankApplication          : Starting MybankApplication using Java 1.8.0_65 on LAPTOP-5MA0E2HD with PID 17416 (C:\Users\Lenovo\Desktop\mybank\target\classes started by Lenovo in C:\Users\Lenovo\Desktop\mybank)
2021-04-27 19:02:21.585  INFO 17416 --- [restartedMain] com.yc.mybank.MybankApplication          : No active profile set, falling back to default profiles: default
2021-04-27 19:02:22.130  INFO 17416 --- [restartedMain] com.yc.mybank.MybankApplication          : Started MybankApplication in 0.567 seconds (JVM running for 56.692)
2021-04-27 19:02:36.409  INFO 11984 --- [main] com.yc.mybank.MybankApplicationTests     : Starting MybankApplicationTests using Java 1.8.0_65 on LAPTOP-5MA0E2HD with PID 11984 (started by Lenovo in C:\Users\Lenovo\Desktop\mybank)
2021-04-27 19:02:36.419  INFO 11984 --- [main] com.yc.mybank.MybankApplicationTests     : No active profile set, falling back to default profiles: default
2021-04-27 19:02:42.062  INFO 11984 --- [main] com.yc.mybank.MybankApplicationTests     : Started MybankApplicationTests in 6.097 seconds (JVM running for 7.227)
2021-04-27 19:05:40.369  INFO 17736 --- [main] com.yc.mybank.MybankApplicationTests     : Starting MybankApplicationTests using Java 1.8.0_65 on LAPTOP-5MA0E2HD with PID 17736 (started by Lenovo in C:\Users\Lenovo\Desktop\mybank)
2021-04-27 19:05:40.369  INFO 17736 --- [main] com.yc.mybank.MybankApplicationTests     : No active profile set, falling back to default profiles: default
2021-04-27 19:05:44.571  INFO 17736 --- [main] com.yc.mybank.MybankApplicationTests     : Started MybankApplicationTests in 4.568 seconds (JVM running for 5.67)
2021-04-27 19:08:14.799  INFO 18336 --- [restartedMain] com.yc.mybank.MybankApplication          : Starting MybankApplication using Java 1.8.0_65 on LAPTOP-5MA0E2HD with PID 18336 (C:\Users\Lenovo\Desktop\mybank\target\classes started by Lenovo in C:\Users\Lenovo\Desktop\mybank)
2021-04-27 19:08:14.799  INFO 18336 --- [restartedMain] com.yc.mybank.MybankApplication          : No active profile set, falling back to default profiles: default
2021-04-27 19:08:17.025  INFO 18336 --- [restartedMain] com.yc.mybank.MybankApplication          : Started MybankApplication in 2.655 seconds (JVM running for 3.589)
2021-04-27 19:13:12.063  INFO 18336 --- [restartedMain] com.yc.mybank.MybankApplication          : Starting MybankApplication using Java 1.8.0_65 on LAPTOP-5MA0E2HD with PID 18336 (C:\Users\Lenovo\Desktop\mybank\target\classes started by Lenovo in C:\Users\Lenovo\Desktop\mybank)
2021-04-27 19:13:12.064  INFO 18336 --- [restartedMain] com.yc.mybank.MybankApplication          : No active profile set, falling back to default profiles: default
2021-04-27 19:13:12.609  INFO 18336 --- [restartedMain] com.yc.mybank.MybankApplication          : Started MybankApplication in 0.601 seconds (JVM running for 299.179)
2021-04-27 19:13:15.626  INFO 18336 --- [restartedMain] com.yc.mybank.MybankApplication          : Starting MybankApplication using Java 1.8.0_65 on LAPTOP-5MA0E2HD with PID 18336 (C:\Users\Lenovo\Desktop\mybank\target\classes started by Lenovo in C:\Users\Lenovo\Desktop\mybank)
2021-04-27 19:13:15.626  INFO 18336 --- [restartedMain] com.yc.mybank.MybankApplication          : No active profile set, falling back to default profiles: default
2021-04-27 19:13:16.945  INFO 18336 --- [restartedMain] com.yc.mybank.MybankApplication          : Started MybankApplication in 1.361 seconds (JVM running for 303.515)
2021-04-27 19:13:18.441  INFO 9964 --- [main] com.yc.mybank.MybankApplicationTests     : Starting MybankApplicationTests using Java 1.8.0_65 on LAPTOP-5MA0E2HD with PID 9964 (started by Lenovo in C:\Users\Lenovo\Desktop\mybank)
2021-04-27 19:13:18.451  INFO 9964 --- [main] com.yc.mybank.MybankApplicationTests     : No active profile set, falling back to default profiles: default
2021-04-27 19:13:23.728  INFO 9964 --- [main] com.yc.mybank.MybankApplicationTests     : Started MybankApplicationTests in 5.897 seconds (JVM running for 8.248)
2021-04-27 19:15:32.429  INFO 18336 --- [restartedMain] com.yc.mybank.MybankApplication          : Starting MybankApplication using Java 1.8.0_65 on LAPTOP-5MA0E2HD with PID 18336 (C:\Users\Lenovo\Desktop\mybank\target\classes started by Lenovo in C:\Users\Lenovo\Desktop\mybank)
2021-04-27 19:15:32.429  INFO 18336 --- [restartedMain] com.yc.mybank.MybankApplication          : No active profile set, falling back to default profiles: default
2021-04-27 19:15:32.879  INFO 18336 --- [restartedMain] com.yc.mybank.MybankApplication          : Started MybankApplication in 0.476 seconds (JVM running for 439.445)
2021-04-27 19:15:35.849  INFO 18336 --- [restartedMain] com.yc.mybank.MybankApplication          : Starting MybankApplication using Java 1.8.0_65 on LAPTOP-5MA0E2HD with PID 18336 (C:\Users\Lenovo\Desktop\mybank\target\classes started by Lenovo in C:\Users\Lenovo\Desktop\mybank)
2021-04-27 19:15:35.849  INFO 18336 --- [restartedMain] com.yc.mybank.MybankApplication          : No active profile set, falling back to default profiles: default
2021-04-27 19:15:36.784  INFO 18336 --- [restartedMain] com.yc.mybank.MybankApplication          : Started MybankApplication in 0.966 seconds (JVM running for 443.349)
2021-04-27 19:15:37.665  INFO 11948 --- [main] com.yc.mybank.MybankApplicationTests     : Starting MybankApplicationTests using Java 1.8.0_65 on LAPTOP-5MA0E2HD with PID 11948 (started by Lenovo in C:\Users\Lenovo\Desktop\mybank)
2021-04-27 19:15:37.665  INFO 11948 --- [main] com.yc.mybank.MybankApplicationTests     : No active profile set, falling back to default profiles: default
2021-04-27 19:15:42.475  INFO 11948 --- [main] com.yc.mybank.MybankApplicationTests     : Started MybankApplicationTests in 5.212 seconds (JVM running for 6.531)
2021-04-27 19:21:56.738  INFO 15152 --- [restartedMain] com.yc.mybank.MybankApplication          : Starting MybankApplication using Java 1.8.0_65 on LAPTOP-5MA0E2HD with PID 15152 (C:\Users\Lenovo\Desktop\mybank\target\classes started by Lenovo in C:\Users\Lenovo\Desktop\mybank)
2021-04-27 19:21:56.738  INFO 15152 --- [restartedMain] com.yc.mybank.MybankApplication          : No active profile set, falling back to default profiles: default
2021-04-27 19:21:59.169  INFO 15152 --- [restartedMain] com.yc.mybank.MybankApplication          : Started MybankApplication in 3.146 seconds (JVM running for 4.302)
2021-04-27 19:25:43.115  INFO 18240 --- [restartedMain] com.yc.mybank.MybankApplication          : Starting MybankApplication using Java 1.8.0_65 on LAPTOP-5MA0E2HD with PID 18240 (C:\Users\Lenovo\Desktop\mybank\target\classes started by Lenovo in C:\Users\Lenovo\Desktop\mybank)
2021-04-27 19:25:43.115  INFO 18240 --- [restartedMain] com.yc.mybank.MybankApplication          : No active profile set, falling back to default profiles: default
2021-04-27 19:25:45.366  INFO 18240 --- [restartedMain] com.yc.mybank.MybankApplication          : Started MybankApplication in 2.702 seconds (JVM running for 3.696)
2021-04-27 19:33:02.897  INFO 15956 --- [restartedMain] com.yc.mybank.MybankApplication          : Starting MybankApplication using Java 1.8.0_65 on LAPTOP-5MA0E2HD with PID 15956 (C:\Users\Lenovo\Desktop\mybank\target\classes started by Lenovo in C:\Users\Lenovo\Desktop\mybank)
2021-04-27 19:33:02.900  INFO 15956 --- [restartedMain] com.yc.mybank.MybankApplication          : No active profile set, falling back to default profiles: default
2021-04-27 19:33:05.225  INFO 15956 --- [restartedMain] com.yc.mybank.MybankApplication          : Started MybankApplication in 2.832 seconds (JVM running for 3.871)
2021-04-27 19:33:43.388  INFO 3604 --- [restartedMain] com.yc.mybank.MybankApplication          : Starting MybankApplication using Java 1.8.0_65 on LAPTOP-5MA0E2HD with PID 3604 (C:\Users\Lenovo\Desktop\mybank\target\classes started by Lenovo in C:\Users\Lenovo\Desktop\mybank)
2021-04-27 19:33:43.388  INFO 3604 --- [restartedMain] com.yc.mybank.MybankApplication          : No active profile set, falling back to default profiles: default
2021-04-27 19:33:45.610  INFO 3604 --- [restartedMain] com.yc.mybank.MybankApplication          : Started MybankApplication in 2.647 seconds (JVM running for 3.567)
2021-04-27 19:43:32.749  INFO 13668 --- [restartedMain] com.yc.mybank.MybankApplication          : Starting MybankApplication using Java 1.8.0_65 on LAPTOP-5MA0E2HD with PID 13668 (C:\Users\Lenovo\Desktop\mybank\target\classes started by Lenovo in C:\Users\Lenovo\Desktop\mybank)
2021-04-27 19:43:32.749  INFO 13668 --- [restartedMain] com.yc.mybank.MybankApplication          : No active profile set, falling back to default profiles: default
2021-04-27 19:43:34.908  INFO 13668 --- [restartedMain] com.yc.mybank.MybankApplication          : Started MybankApplication in 2.606 seconds (JVM running for 3.492)
2021-04-27 19:44:19.360  INFO 12936 --- [restartedMain] com.yc.mybank.MybankApplication          : Starting MybankApplication using Java 1.8.0_65 on LAPTOP-5MA0E2HD with PID 12936 (C:\Users\Lenovo\Desktop\mybank\target\classes started by Lenovo in C:\Users\Lenovo\Desktop\mybank)
2021-04-27 19:44:19.360  INFO 12936 --- [restartedMain] com.yc.mybank.MybankApplication          : No active profile set, falling back to default profiles: default
2021-04-27 19:44:21.619  INFO 12936 --- [restartedMain] com.yc.mybank.MybankApplication          : Started MybankApplication in 2.704 seconds (JVM running for 3.889)
2021-04-27 19:47:19.256  INFO 9036 --- [restartedMain] com.yc.mybank.MybankApplication          : Starting MybankApplication using Java 1.8.0_65 on LAPTOP-5MA0E2HD with PID 9036 (C:\Users\Lenovo\Desktop\mybank\target\classes started by Lenovo in C:\Users\Lenovo\Desktop\mybank)
2021-04-27 19:47:19.256  INFO 9036 --- [restartedMain] com.yc.mybank.MybankApplication          : No active profile set, falling back to default profiles: default
2021-04-27 19:47:21.536  INFO 9036 --- [restartedMain] com.yc.mybank.MybankApplication          : Started MybankApplication in 2.683 seconds (JVM running for 3.612)
2021-04-27 19:47:45.987  INFO 16628 --- [restartedMain] com.yc.mybank.MybankApplication          : Starting MybankApplication using Java 1.8.0_65 on LAPTOP-5MA0E2HD with PID 16628 (C:\Users\Lenovo\Desktop\mybank\target\classes started by Lenovo in C:\Users\Lenovo\Desktop\mybank)
2021-04-27 19:47:45.987  INFO 16628 --- [restartedMain] com.yc.mybank.MybankApplication          : No active profile set, falling back to default profiles: default
2021-04-27 19:47:48.857  INFO 16628 --- [restartedMain] com.yc.mybank.MybankApplication          : Started MybankApplication in 3.351 seconds (JVM running for 5.124)
2021-04-27 19:48:48.868  INFO 12260 --- [restartedMain] com.yc.mybank.MybankApplication          : Starting MybankApplication using Java 1.8.0_65 on LAPTOP-5MA0E2HD with PID 12260 (C:\Users\Lenovo\Desktop\mybank\target\classes started by Lenovo in C:\Users\Lenovo\Desktop\mybank)
2021-04-27 19:48:48.868  INFO 12260 --- [restartedMain] com.yc.mybank.MybankApplication          : No active profile set, falling back to default profiles: default
2021-04-27 19:48:51.740  INFO 12260 --- [restartedMain] com.yc.mybank.MybankApplication          : Started MybankApplication in 3.431 seconds (JVM running for 4.766)
2021-04-27 19:50:31.579  WARN 12260 --- [HikariPool-1 housekeeper] com.zaxxer.hikari.pool.HikariPool        : HikariPool-1 - Thread starvation or clock leap detected (housekeeper delta=1m5s983ms229µs300ns).
2021-04-27 19:50:35.995  INFO 11912 --- [restartedMain] com.yc.mybank.MybankApplication          : Starting MybankApplication using Java 1.8.0_65 on LAPTOP-5MA0E2HD with PID 11912 (C:\Users\Lenovo\Desktop\mybank\target\classes started by Lenovo in C:\Users\Lenovo\Desktop\mybank)
2021-04-27 19:50:35.999  INFO 11912 --- [restartedMain] com.yc.mybank.MybankApplication          : No active profile set, falling back to default profiles: default
2021-04-27 19:50:38.818  INFO 11912 --- [restartedMain] com.yc.mybank.MybankApplication          : Started MybankApplication in 3.415 seconds (JVM running for 4.773)
2021-04-27 19:51:17.736  INFO 16024 --- [restartedMain] com.yc.mybank.MybankApplication          : Starting MybankApplication using Java 1.8.0_65 on LAPTOP-5MA0E2HD with PID 16024 (C:\Users\Lenovo\Desktop\mybank\target\classes started by Lenovo in C:\Users\Lenovo\Desktop\mybank)
2021-04-27 19:51:17.736  INFO 16024 --- [restartedMain] com.yc.mybank.MybankApplication          : No active profile set, falling back to default profiles: default
2021-04-27 19:51:20.655  INFO 16024 --- [restartedMain] com.yc.mybank.MybankApplication          : Started MybankApplication in 3.388 seconds (JVM running for 4.713)
2021-04-27 19:52:24.235  WARN 16024 --- [HikariPool-1 housekeeper] com.zaxxer.hikari.pool.HikariPool        : HikariPool-1 - Thread starvation or clock leap detected (housekeeper delta=1m3s758ms665µs100ns).
2021-04-27 19:52:29.843  INFO 14004 --- [restartedMain] com.yc.mybank.MybankApplication          : Starting MybankApplication using Java 1.8.0_65 on LAPTOP-5MA0E2HD with PID 14004 (C:\Users\Lenovo\Desktop\mybank\target\classes started by Lenovo in C:\Users\Lenovo\Desktop\mybank)
2021-04-27 19:52:29.845  INFO 14004 --- [restartedMain] com.yc.mybank.MybankApplication          : No active profile set, falling back to default profiles: default
2021-04-27 19:52:32.233  INFO 14004 --- [restartedMain] com.yc.mybank.MybankApplication          : Started MybankApplication in 2.868 seconds (JVM running for 3.789)
2021-04-27 19:54:55.560  INFO 3832 --- [restartedMain] com.yc.mybank.MybankApplication          : Starting MybankApplication using Java 1.8.0_65 on LAPTOP-5MA0E2HD with PID 3832 (C:\Users\Lenovo\Desktop\mybank\target\classes started by Lenovo in C:\Users\Lenovo\Desktop\mybank)
2021-04-27 19:54:55.560  INFO 3832 --- [restartedMain] com.yc.mybank.MybankApplication          : No active profile set, falling back to default profiles: default
2021-04-27 19:54:57.839  INFO 3832 --- [restartedMain] com.yc.mybank.MybankApplication          : Started MybankApplication in 2.772 seconds (JVM running for 3.825)
2021-04-27 19:56:56.654  INFO 17004 --- [restartedMain] com.yc.mybank.MybankApplication          : Starting MybankApplication using Java 1.8.0_65 on LAPTOP-5MA0E2HD with PID 17004 (C:\Users\Lenovo\Desktop\mybank\target\classes started by Lenovo in C:\Users\Lenovo\Desktop\mybank)
2021-04-27 19:56:56.654  INFO 17004 --- [restartedMain] com.yc.mybank.MybankApplication          : No active profile set, falling back to default profiles: default
2021-04-27 19:56:58.827  INFO 17004 --- [restartedMain] com.yc.mybank.MybankApplication          : Started MybankApplication in 2.636 seconds (JVM running for 3.612)
2021-04-27 19:58:24.400  INFO 12680 --- [restartedMain] com.yc.mybank.MybankApplication          : Starting MybankApplication using Java 1.8.0_65 on LAPTOP-5MA0E2HD with PID 12680 (C:\Users\Lenovo\Desktop\mybank\target\classes started by Lenovo in C:\Users\Lenovo\Desktop\mybank)
2021-04-27 19:58:24.400  INFO 12680 --- [restartedMain] com.yc.mybank.MybankApplication          : No active profile set, falling back to default profiles: default
2021-04-27 19:58:26.918  INFO 12680 --- [restartedMain] com.yc.mybank.MybankApplication          : Started MybankApplication in 3.043 seconds (JVM running for 3.978)
